<?xml version="1.0" encoding="UTF-8"?>
<testng-results ignored="0" total="1" passed="1" failed="0" skipped="0">
  <reporter-output>
  </reporter-output>
  <suite started-at="2024-12-17T18:18:35 CET" name="Default suite" finished-at="2024-12-17T18:18:47 CET" duration-ms="11876">
    <groups>
      <group name="cucumber">
        <method signature="AbstractTestNGCucumberTests.runScenario(io.cucumber.testng.PickleWrapper,io.cucumber.testng.FeatureWrapper)[pri:0, instance:RunCookiesTest@5dda768f]" name="runScenario" class="io.cucumber.testng.AbstractTestNGCucumberTests"/>
      </group> <!-- cucumber -->
    </groups>
    <test started-at="2024-12-17T18:18:35 CET" name="Default test" finished-at="2024-12-17T18:18:47 CET" duration-ms="11876">
      <class name="RunCookiesTest">
        <test-method is-config="true" signature="setUpClass(org.testng.ITestContext)[pri:0, instance:RunCookiesTest@5dda768f]" started-at="2024-12-17T18:18:35 CET" name="setUpClass" finished-at="2024-12-17T18:18:35 CET" duration-ms="293" status="PASS">
          <params>
            <param index="0">
              <value>
                <![CDATA[org.testng.TestRunner@253c1256]]>
              </value>
            </param>
          </params>
          <reporter-output>
          </reporter-output>
        </test-method> <!-- setUpClass -->
        <test-method signature="runScenario(io.cucumber.testng.PickleWrapper,io.cucumber.testng.FeatureWrapper)[pri:0, instance:RunCookiesTest@5dda768f]" started-at="2024-12-17T18:18:35 CET" name="runScenario" description="Runs Cucumber Scenarios" data-provider="scenarios" finished-at="2024-12-17T18:18:47 CET" duration-ms="11498" status="PASS">
          <params>
            <param index="0">
              <value>
                <![CDATA["Accept Cookies"]]>
              </value>
            </param>
            <param index="1">
              <value>
                <![CDATA["AcceptCookies"]]>
              </value>
            </param>
          </params>
          <reporter-output>
          </reporter-output>
        </test-method> <!-- runScenario -->
        <test-method is-config="true" signature="tearDownClass()[pri:0, instance:RunCookiesTest@5dda768f]" started-at="2024-12-17T18:18:47 CET" name="tearDownClass" finished-at="2024-12-17T18:18:47 CET" duration-ms="6" status="PASS">
          <reporter-output>
          </reporter-output>
        </test-method> <!-- tearDownClass -->
      </class> <!-- RunCookiesTest -->
    </test> <!-- Default test -->
  </suite> <!-- Default suite -->
</testng-results>
